<?xml version="1.0" encoding="UTF-8"?>
<!-- Generated by org.testng.reporters.JUnitReportReporter -->
<testsuite hostname="Rudra-Heart" failures="0" tests="1" name="com.restfulbooker.apitest.businessLogics.LoginTest" time="4.270" errors="0" timestamp="2023-06-25T18:07:03 IST" skipped="0">
  <testcase classname="com.restfulbooker.apitest.businessLogics.LoginTest" name="validLoginTest" time="4.270"/>
  <system-out/>
</testsuite> <!-- com.restfulbooker.apitest.businessLogics.LoginTest -->
